07:29:26 INFO  : Registering command handlers for SDK TCF services
07:29:27 INFO  : Launching XSCT server: xsct -n -interactive /home/user/Documents/kirara_final_demo/kirara_final_demo.sdk/temp_xsdb_launch_script.tcl
07:29:29 INFO  : XSCT server has started successfully.
07:29:29 INFO  : Successfully done setting XSCT server connection channel  
07:29:30 INFO  : Successfully done setting SDK workspace  
07:29:30 INFO  : Processing command line option -hwspec /home/user/Documents/kirara_final_demo/kirara_final_demo.sdk/system_wrapper.hdf.
07:32:43 INFO  : 'targets -set -filter {jtag_cable_name =~ "Digilent Nexys4DDR 210292645245A" && level==0} -index 0' command is executed.
07:32:43 INFO  : 'fpga -state' command is executed.
07:32:43 INFO  : Connected to target on host '127.0.0.1' and port '3121'.
07:32:43 INFO  : Jtag cable 'Digilent Nexys4DDR 210292645245A' is selected.
07:32:43 INFO  : 'jtag frequency' command is executed.
07:32:43 INFO  : 'configparams mdm-detect-bscan-mask 2' command is executed.
07:32:43 INFO  : Context for processor 'microblaze_0' is selected.
07:32:43 INFO  : Processor reset is completed for 'microblaze_0'.
07:32:43 INFO  : Context for processor 'microblaze_0' is selected.
07:32:43 INFO  : The application '/home/user/Documents/kirara_final_demo/kirara_final_demo.sdk/imu/Release/imu.elf' is downloaded to processor 'microblaze_0'.
07:32:43 INFO  : ----------------XSDB Script----------------
connect -url tcp:127.0.0.1:3121
configparams mdm-detect-bscan-mask 2
targets -set -nocase -filter {name =~ "microblaze*#0" && bscan=="USER2"  && jtag_cable_name =~ "Digilent Nexys4DDR 210292645245A"} -index 0
rst -processor
targets -set -nocase -filter {name =~ "microblaze*#0" && bscan=="USER2"  && jtag_cable_name =~ "Digilent Nexys4DDR 210292645245A"} -index 0
dow /home/user/Documents/kirara_final_demo/kirara_final_demo.sdk/imu/Release/imu.elf
----------------End of Script----------------

07:32:43 INFO  : Memory regions updated for context MicroBlaze #0
07:32:43 INFO  : Memory regions updated for context MicroBlaze #0
07:32:43 INFO  : Context for processor 'microblaze_0' is selected.
07:32:43 INFO  : 'con' command is executed.
07:32:43 INFO  : ----------------XSDB Script (After Launch)----------------
targets -set -nocase -filter {name =~ "microblaze*#0" && bscan=="USER2"  && jtag_cable_name =~ "Digilent Nexys4DDR 210292645245A"} -index 0
con
----------------End of Script----------------

07:32:43 INFO  : Launch script is exported to file '/home/user/Documents/kirara_final_demo/kirara_final_demo.sdk/.sdk/launch_scripts/xilinx_c-c++_application_(system_debugger)/system_debugger_using_release_imu.elf_on_local.tcl'
07:39:41 INFO  : Disconnected from the channel tcfchan#1.
11:02:32 INFO  : Registering command handlers for SDK TCF services
11:02:32 INFO  : Launching XSCT server: xsct -n -interactive /home/user/Documents/kirara_final_demo/kirara_final_demo.sdk/temp_xsdb_launch_script.tcl
11:02:35 INFO  : XSCT server has started successfully.
11:02:35 INFO  : Successfully done setting XSCT server connection channel  
11:02:35 INFO  : Successfully done setting SDK workspace  
11:02:35 INFO  : Processing command line option -hwspec /home/user/Documents/kirara_final_demo/kirara_final_demo.sdk/system_wrapper.hdf.
11:02:35 INFO  : Checking for hwspec changes in the project system_wrapper_hw_platform_0.
11:33:12 INFO  : 'targets -set -filter {jtag_cable_name =~ "Digilent Nexys4DDR 210292645245A" && level==0} -index 0' command is executed.
11:33:12 INFO  : 'fpga -state' command is executed.
11:33:12 INFO  : Connected to target on host '127.0.0.1' and port '3121'.
11:33:12 INFO  : Jtag cable 'Digilent Nexys4DDR 210292645245A' is selected.
11:33:12 INFO  : 'jtag frequency' command is executed.
11:33:12 INFO  : 'configparams mdm-detect-bscan-mask 2' command is executed.
11:33:12 INFO  : Context for processor 'microblaze_0' is selected.
11:33:12 INFO  : Processor reset is completed for 'microblaze_0'.
11:33:12 INFO  : Context for processor 'microblaze_0' is selected.
11:33:12 INFO  : The application '/home/user/Documents/kirara_final_demo/kirara_final_demo.sdk/imu/Release/imu.elf' is downloaded to processor 'microblaze_0'.
11:33:12 INFO  : ----------------XSDB Script----------------
connect -url tcp:127.0.0.1:3121
configparams mdm-detect-bscan-mask 2
targets -set -nocase -filter {name =~ "microblaze*#0" && bscan=="USER2"  && jtag_cable_name =~ "Digilent Nexys4DDR 210292645245A"} -index 0
rst -processor
targets -set -nocase -filter {name =~ "microblaze*#0" && bscan=="USER2"  && jtag_cable_name =~ "Digilent Nexys4DDR 210292645245A"} -index 0
dow /home/user/Documents/kirara_final_demo/kirara_final_demo.sdk/imu/Release/imu.elf
----------------End of Script----------------

11:33:12 INFO  : Memory regions updated for context MicroBlaze #0
11:33:12 INFO  : Memory regions updated for context MicroBlaze #0
11:33:12 INFO  : Context for processor 'microblaze_0' is selected.
11:33:12 INFO  : 'con' command is executed.
11:33:12 INFO  : ----------------XSDB Script (After Launch)----------------
targets -set -nocase -filter {name =~ "microblaze*#0" && bscan=="USER2"  && jtag_cable_name =~ "Digilent Nexys4DDR 210292645245A"} -index 0
con
----------------End of Script----------------

11:33:12 INFO  : Launch script is exported to file '/home/user/Documents/kirara_final_demo/kirara_final_demo.sdk/.sdk/launch_scripts/xilinx_c-c++_application_(system_debugger)/system_debugger_using_release_imu.elf_on_local.tcl'
13:41:19 INFO  : Disconnected from the channel tcfchan#1.
21:16:24 INFO  : Registering command handlers for SDK TCF services
21:16:25 INFO  : Launching XSCT server: xsct -n -interactive /home/user/kirara_final_demo_refactor/kirara_final_demo_refactor.sdk/temp_xsdb_launch_script.tcl
21:16:27 INFO  : XSCT server has started successfully.
21:16:27 INFO  : Successfully done setting XSCT server connection channel  
21:16:27 INFO  : Successfully done setting SDK workspace  
21:16:27 INFO  : Processing command line option -hwspec /home/user/kirara_final_demo_refactor/kirara_final_demo_refactor.sdk/system_wrapper.hdf.
